<?xml version="1.0" encoding="UTF-8"?>
<testng-results ignored="0" total="1" passed="1" failed="0" skipped="0">
  <reporter-output>
  </reporter-output>
  <suite started-at="2024-01-09T17:03:35Z" name="Default suite" finished-at="2024-01-09T17:04:04Z" duration-ms="29256">
    <groups>
    </groups>
    <test started-at="2024-01-09T17:03:35Z" name="Default test" finished-at="2024-01-09T17:04:04Z" duration-ms="29256">
      <class name="AppiumHybridApp.MobileBrowserTest">
        <test-method is-config="true" signature="ConfigureAppuim()[pri:0, instance:AppiumHybridApp.MobileBrowserTest@1583741e]" started-at="2024-01-09T17:03:35Z" name="ConfigureAppuim" finished-at="2024-01-09T17:03:57Z" duration-ms="22103" status="PASS">
          <reporter-output>
          </reporter-output>
        </test-method> <!-- ConfigureAppuim -->
        <test-method signature="browserTest()[pri:0, instance:AppiumHybridApp.MobileBrowserTest@1583741e]" started-at="2024-01-09T17:03:57Z" name="browserTest" finished-at="2024-01-09T17:04:02Z" duration-ms="5748" status="PASS">
          <reporter-output>
          </reporter-output>
        </test-method> <!-- browserTest -->
        <test-method is-config="true" signature="tearDown()[pri:0, instance:AppiumHybridApp.MobileBrowserTest@1583741e]" started-at="2024-01-09T17:04:02Z" name="tearDown" finished-at="2024-01-09T17:04:04Z" duration-ms="1367" status="PASS">
          <reporter-output>
          </reporter-output>
        </test-method> <!-- tearDown -->
      </class> <!-- AppiumHybridApp.MobileBrowserTest -->
    </test> <!-- Default test -->
  </suite> <!-- Default suite -->
</testng-results>
